2019-02-03 16:18:59,211 ERROR [main] - Statistics - Statistics file `C:\Users\xinyu\.scalaide\statistics` is corrupted. A new one is being created. Corrupted content was:

com.cedarsoftware.util.io.JsonIoException: error parsing JSON value
	at com.cedarsoftware.util.io.JsonReader.readObject(JsonReader.java:529)
	at com.cedarsoftware.util.io.JsonReader.jsonToJava(JsonReader.java:289)
	at com.cedarsoftware.util.io.JsonReader.jsonToJava(JsonReader.java:262)
	at org.scalaide.core.internal.statistics.Statistics.org$scalaide$core$internal$statistics$Statistics$$read(Statistics.scala:74)
	at org.scalaide.core.internal.statistics.Statistics$$anonfun$readStats$1.apply(Statistics.scala:52)
	at org.scalaide.core.internal.statistics.Statistics$$anonfun$readStats$1.apply(Statistics.scala:51)
	at org.scalaide.core.ScalaIdeDataStore$$anonfun$validate$2.apply(ScalaIdeDataStore.scala:59)
	at org.scalaide.util.eclipse.EclipseUtils$$anon$3.run(EclipseUtils.scala:214)
	at org.eclipse.core.runtime.SafeRunner.run(SafeRunner.java:42)
	at org.scalaide.util.eclipse.EclipseUtils$.withSafeRunner(EclipseUtils.scala:210)
	at org.scalaide.core.ScalaIdeDataStore$.validate(ScalaIdeDataStore.scala:58)
	at org.scalaide.core.internal.statistics.Statistics.readStats(Statistics.scala:51)
	at org.scalaide.core.internal.statistics.Statistics.<init>(Statistics.scala:30)
	at org.scalaide.core.internal.ScalaPlugin.stats$lzycompute(ScalaPlugin.scala:135)
	at org.scalaide.core.internal.ScalaPlugin.stats(ScalaPlugin.scala:135)
	at org.scalaide.core.internal.ScalaPlugin.statistics(ScalaPlugin.scala:138)
	at org.scalaide.core.internal.ScalaPlugin.start(ScalaPlugin.scala:109)
	at org.eclipse.osgi.internal.framework.BundleContextImpl$3.run(BundleContextImpl.java:771)
	at org.eclipse.osgi.internal.framework.BundleContextImpl$3.run(BundleContextImpl.java:1)
	at java.security.AccessController.doPrivileged(Native Method)
	at org.eclipse.osgi.internal.framework.BundleContextImpl.startActivator(BundleContextImpl.java:764)
	at org.eclipse.osgi.internal.framework.BundleContextImpl.start(BundleContextImpl.java:721)
	at org.eclipse.osgi.internal.framework.EquinoxBundle.startWorker0(EquinoxBundle.java:936)
	at org.eclipse.osgi.internal.framework.EquinoxBundle$EquinoxModule.startWorker(EquinoxBundle.java:319)
	at org.eclipse.osgi.container.Module.doStart(Module.java:571)
	at org.eclipse.osgi.container.Module.start(Module.java:439)
	at org.eclipse.osgi.framework.util.SecureAction.start(SecureAction.java:454)
	at org.eclipse.osgi.internal.hooks.EclipseLazyStarter.postFindLocalClass(EclipseLazyStarter.java:107)
	at org.eclipse.osgi.internal.loader.classpath.ClasspathManager.findLocalClass(ClasspathManager.java:531)
	at org.eclipse.osgi.internal.loader.ModuleClassLoader.findLocalClass(ModuleClassLoader.java:324)
	at org.eclipse.osgi.internal.loader.BundleLoader.findLocalClass(BundleLoader.java:320)
	at org.eclipse.osgi.internal.loader.BundleLoader.findClassInternal(BundleLoader.java:395)
	at org.eclipse.osgi.internal.loader.BundleLoader.findClass(BundleLoader.java:345)
	at org.eclipse.osgi.internal.loader.BundleLoader.findClass(BundleLoader.java:337)
	at org.eclipse.osgi.internal.loader.ModuleClassLoader.loadClass(ModuleClassLoader.java:160)
	at java.lang.ClassLoader.loadClass(Unknown Source)
	at org.eclipse.osgi.internal.framework.EquinoxBundle.loadClass(EquinoxBundle.java:568)
	at org.eclipse.core.internal.registry.osgi.RegistryStrategyOSGI.createExecutableExtension(RegistryStrategyOSGI.java:174)
	at org.eclipse.core.internal.registry.ExtensionRegistry.createExecutableExtension(ExtensionRegistry.java:905)
	at org.eclipse.core.internal.registry.ConfigurationElement.createExecutableExtension(ConfigurationElement.java:243)
	at org.eclipse.core.internal.registry.ConfigurationElementHandle.createExecutableExtension(ConfigurationElementHandle.java:55)
	at org.eclipse.ui.internal.registry.PerspectiveDescriptor.createFactory(PerspectiveDescriptor.java:74)
	at org.eclipse.ui.internal.WorkbenchPage.setPerspective(WorkbenchPage.java:4032)
	at org.eclipse.ui.internal.WorkbenchWindow.setup(WorkbenchWindow.java:733)
	at sun.reflect.NativeMethodAccessorImpl.invoke0(Native Method)
	at sun.reflect.NativeMethodAccessorImpl.invoke(Unknown Source)
	at sun.reflect.DelegatingMethodAccessorImpl.invoke(Unknown Source)
	at java.lang.reflect.Method.invoke(Unknown Source)
	at org.eclipse.e4.core.internal.di.MethodRequestor.execute(MethodRequestor.java:55)
	at org.eclipse.e4.core.internal.di.InjectorImpl.processAnnotated(InjectorImpl.java:888)
	at org.eclipse.e4.core.internal.di.InjectorImpl.inject(InjectorImpl.java:120)
	at org.eclipse.e4.core.internal.di.InjectorImpl.inject(InjectorImpl.java:85)
	at org.eclipse.e4.core.contexts.ContextInjectionFactory.inject(ContextInjectionFactory.java:73)
	at org.eclipse.ui.internal.Workbench.createWorkbenchWindow(Workbench.java:1480)
	at org.eclipse.ui.internal.Workbench.getActiveWorkbenchWindow(Workbench.java:1453)
	at org.eclipse.ui.internal.services.WorkbenchSourceProvider.updateActiveShell(WorkbenchSourceProvider.java:943)
	at org.eclipse.ui.internal.services.WorkbenchSourceProvider.getCurrentState(WorkbenchSourceProvider.java:137)
	at org.eclipse.ui.internal.services.WorkbenchSourceProvider$6.handleEvent(WorkbenchSourceProvider.java:703)
	at org.eclipse.swt.widgets.EventTable.sendEvent(EventTable.java:84)
	at org.eclipse.swt.widgets.Display.filterEvent(Display.java:1262)
	at org.eclipse.swt.widgets.Widget.sendEvent(Widget.java:1060)
	at org.eclipse.swt.widgets.Widget.sendEvent(Widget.java:1085)
	at org.eclipse.swt.widgets.Widget.sendEvent(Widget.java:1070)
	at org.eclipse.swt.widgets.Decorations.WM_ACTIVATE(Decorations.java:1666)
	at org.eclipse.swt.widgets.Shell.WM_ACTIVATE(Shell.java:2151)
	at org.eclipse.swt.widgets.Control.windowProc(Control.java:4607)
	at org.eclipse.swt.widgets.Canvas.windowProc(Canvas.java:339)
	at org.eclipse.swt.widgets.Decorations.windowProc(Decorations.java:1626)
	at org.eclipse.swt.widgets.Shell.windowProc(Shell.java:2075)
	at org.eclipse.swt.widgets.Display.windowProc(Display.java:5023)
	at org.eclipse.swt.internal.win32.OS.BringWindowToTop(Native Method)
	at org.eclipse.swt.widgets.Decorations.bringToTop(Decorations.java:230)
	at org.eclipse.swt.widgets.Shell.open(Shell.java:1217)
	at org.eclipse.e4.ui.workbench.renderers.swt.WBWRenderer.postProcess(WBWRenderer.java:744)
	at org.eclipse.e4.ui.internal.workbench.swt.PartRenderingEngine.safeCreateGui(PartRenderingEngine.java:678)
	at org.eclipse.e4.ui.internal.workbench.swt.PartRenderingEngine.safeCreateGui(PartRenderingEngine.java:766)
	at org.eclipse.e4.ui.internal.workbench.swt.PartRenderingEngine.access$2(PartRenderingEngine.java:737)
	at org.eclipse.e4.ui.internal.workbench.swt.PartRenderingEngine$7.run(PartRenderingEngine.java:731)
	at org.eclipse.core.runtime.SafeRunner.run(SafeRunner.java:42)
	at org.eclipse.e4.ui.internal.workbench.swt.PartRenderingEngine.createGui(PartRenderingEngine.java:715)
	at org.eclipse.e4.ui.internal.workbench.swt.PartRenderingEngine$9.run(PartRenderingEngine.java:1074)
	at org.eclipse.core.databinding.observable.Realm.runWithDefault(Realm.java:332)
	at org.eclipse.e4.ui.internal.workbench.swt.PartRenderingEngine.run(PartRenderingEngine.java:1032)
	at org.eclipse.e4.ui.internal.workbench.E4Workbench.createAndRunUI(E4Workbench.java:148)
	at org.eclipse.ui.internal.Workbench$5.run(Workbench.java:636)
	at org.eclipse.core.databinding.observable.Realm.runWithDefault(Realm.java:332)
	at org.eclipse.ui.internal.Workbench.createAndRunWorkbench(Workbench.java:579)
	at org.eclipse.ui.PlatformUI.createAndRunWorkbench(PlatformUI.java:150)
	at org.eclipse.ui.internal.ide.application.IDEApplication.start(IDEApplication.java:135)
	at org.eclipse.equinox.internal.app.EclipseAppHandle.run(EclipseAppHandle.java:196)
	at org.eclipse.core.runtime.internal.adaptor.EclipseAppLauncher.runApplication(EclipseAppLauncher.java:134)
	at org.eclipse.core.runtime.internal.adaptor.EclipseAppLauncher.start(EclipseAppLauncher.java:104)
	at org.eclipse.core.runtime.adaptor.EclipseStarter.run(EclipseStarter.java:380)
	at org.eclipse.core.runtime.adaptor.EclipseStarter.run(EclipseStarter.java:235)
	at sun.reflect.NativeMethodAccessorImpl.invoke0(Native Method)
	at sun.reflect.NativeMethodAccessorImpl.invoke(Unknown Source)
	at sun.reflect.DelegatingMethodAccessorImpl.invoke(Unknown Source)
	at java.lang.reflect.Method.invoke(Unknown Source)
	at org.eclipse.equinox.launcher.Main.invokeFramework(Main.java:648)
	at org.eclipse.equinox.launcher.Main.basicRun(Main.java:603)
	at org.eclipse.equinox.launcher.Main.run(Main.java:1465)
Caused by: com.cedarsoftware.util.io.JsonIoException: EOF reached prematurely
	at com.cedarsoftware.util.io.JsonParser.error(JsonParser.java:584)
	at com.cedarsoftware.util.io.JsonParser.readValue(JsonParser.java:278)
	at com.cedarsoftware.util.io.JsonReader.readObject(JsonReader.java:521)
	... 100 more
2019-02-03 16:25:10,438  WARN [ModalContext] - ScalaProject - Project SparkDemo has platform default sourceLevel.
2019-02-03 16:25:10,452  WARN [ModalContext] - ScalaProject - Project SparkDemo runs on platform default installation.
2019-02-03 16:25:10,962  WARN [Worker-11] - ScalaProject - Project SparkDemo has platform default sourceLevel.
2019-02-03 16:25:10,963  WARN [Worker-11] - ScalaProject - Project SparkDemo runs on platform default installation.
2019-02-03 16:26:10,423  WARN [Worker-9] - ScalaProject - Project SparkDemo has platform default sourceLevel.
2019-02-03 16:26:10,423  WARN [Worker-9] - ScalaProject - Project SparkDemo runs on platform default installation.
2019-02-03 16:27:16,640  WARN [Worker-11] - ScalaProject - Project SparkDemo has platform default sourceLevel.
2019-02-03 16:27:16,640  WARN [Worker-11] - ScalaProject - Project SparkDemo runs on platform default installation.
2019-02-03 16:27:56,322  WARN [Worker-5] - ScalaProject - Project SparkDemo has platform default sourceLevel.
2019-02-03 16:27:56,322  WARN [Worker-5] - ScalaProject - Project SparkDemo runs on platform default installation.
2019-02-03 16:28:29,356  WARN [main] - ScalaProject - Project SparkDemo has platform default sourceLevel.
2019-02-03 16:28:29,356  WARN [main] - ScalaProject - Project SparkDemo runs on platform default installation.
2019-02-03 16:28:30,154  WARN [Worker-11] - ScalaProject - Project SparkDemo has platform default sourceLevel.
2019-02-03 16:28:30,154  WARN [Worker-11] - ScalaProject - Project SparkDemo runs on platform default installation.
2019-02-03 16:29:14,131  WARN [main] - ScalaProject - Project SparkDemo has platform default sourceLevel.
2019-02-03 16:29:14,131  WARN [main] - ScalaProject - Project SparkDemo runs on platform default installation.
2019-02-03 16:29:17,739 ERROR [main] - IScalaPresentationCompiler$ - Ignoring InterruptException
2019-02-03 16:29:17,748 ERROR [main] - IScalaPresentationCompiler$ - Ignoring InterruptException
2019-02-03 16:29:17,749 ERROR [main] - IScalaPresentationCompiler$ - Ignoring InterruptException
2019-02-03 16:29:17,755 ERROR [main] - IScalaPresentationCompiler$ - Ignoring InterruptException
2019-02-03 16:29:17,756 ERROR [main] - IScalaPresentationCompiler$ - Ignoring InterruptException
2019-02-03 16:29:19,943 ERROR [main] - IScalaPresentationCompiler$ - Ignoring InterruptException
2019-02-03 16:29:21,501 ERROR [main] - IScalaPresentationCompiler$ - Ignoring InterruptException
2019-02-03 16:29:21,506 ERROR [main] - IScalaPresentationCompiler$ - Ignoring InterruptException
2019-02-03 16:29:21,507 ERROR [main] - IScalaPresentationCompiler$ - Ignoring InterruptException
2019-02-03 16:29:21,508 ERROR [main] - IScalaPresentationCompiler$ - Ignoring InterruptException
2019-02-03 16:29:21,509 ERROR [main] - IScalaPresentationCompiler$ - Ignoring InterruptException
2019-02-03 16:29:26,095 ERROR [main] - IScalaPresentationCompiler$ - Ignoring InterruptException
2019-02-03 16:29:26,313 ERROR [main] - IScalaPresentationCompiler$ - Ignoring InterruptException
2019-02-03 16:29:27,731 ERROR [main] - IScalaPresentationCompiler$ - Ignoring InterruptException
2019-02-03 16:29:29,828 ERROR [main] - IScalaPresentationCompiler$ - Ignoring InterruptException
2019-02-03 16:29:30,019 ERROR [main] - IScalaPresentationCompiler$ - Ignoring InterruptException
2019-02-03 16:29:30,981 ERROR [main] - IScalaPresentationCompiler$ - Ignoring InterruptException
2019-02-03 16:29:31,340 ERROR [main] - IScalaPresentationCompiler$ - Ignoring InterruptException
2019-02-03 16:29:31,991 ERROR [main] - IScalaPresentationCompiler$ - Ignoring InterruptException
2019-02-03 16:29:32,339 ERROR [main] - IScalaPresentationCompiler$ - Ignoring InterruptException
2019-02-03 16:29:32,946 ERROR [main] - IScalaPresentationCompiler$ - Ignoring InterruptException
2019-02-03 16:29:33,474 ERROR [main] - IScalaPresentationCompiler$ - Ignoring InterruptException
2019-02-03 16:29:33,717 ERROR [main] - IScalaPresentationCompiler$ - Ignoring InterruptException
2019-02-03 16:29:34,389 ERROR [main] - IScalaPresentationCompiler$ - Ignoring InterruptException
2019-02-03 16:29:35,176 ERROR [main] - IScalaPresentationCompiler$ - Ignoring InterruptException
2019-02-03 16:29:35,468 ERROR [main] - IScalaPresentationCompiler$ - Ignoring InterruptException
2019-02-03 16:29:35,716 ERROR [main] - IScalaPresentationCompiler$ - Ignoring InterruptException
2019-02-03 16:29:35,985 ERROR [main] - IScalaPresentationCompiler$ - Ignoring InterruptException
2019-02-03 16:29:36,252 ERROR [main] - IScalaPresentationCompiler$ - Ignoring InterruptException
2019-02-03 16:29:36,365 ERROR [main] - IScalaPresentationCompiler$ - Ignoring InterruptException
2019-02-03 16:29:39,113  WARN [Worker-0] - ScalaProject - Project SparkDemo has platform default sourceLevel.
2019-02-03 16:29:39,114  WARN [Worker-0] - ScalaProject - Project SparkDemo runs on platform default installation.
2019-02-03 16:29:39,520  WARN [Java indexing] - ScalaProject - Project SparkDemo has platform default sourceLevel.
2019-02-03 16:29:39,521  WARN [Java indexing] - ScalaProject - Project SparkDemo runs on platform default installation.
2019-02-03 16:29:43,628  WARN [Worker-9] - ScalaProject - Project SparkDemo has platform default sourceLevel.
2019-02-03 16:29:43,628  WARN [Worker-9] - ScalaProject - Project SparkDemo runs on platform default installation.
2019-02-03 16:42:53,356  WARN [Worker-26] - ScalaProject - Project SparkDemo has platform default sourceLevel.
2019-02-03 16:42:53,369  WARN [Worker-26] - ScalaProject - Project SparkDemo runs on platform default installation.
2019-02-03 16:43:23,009  WARN [Worker-19] - ScalaProject - Project SparkDemo has platform default sourceLevel.
2019-02-03 16:43:23,009  WARN [Worker-19] - ScalaProject - Project SparkDemo runs on platform default installation.
2019-02-03 16:47:14,954  WARN [Worker-26] - ScalaProject - Project SparkDemo has platform default sourceLevel.
2019-02-03 16:47:14,954  WARN [Worker-26] - ScalaProject - Project SparkDemo runs on platform default installation.
2019-02-03 16:47:47,903  WARN [Worker-33] - ScalaProject - Project SparkDemo has platform default sourceLevel.
2019-02-03 16:47:47,903  WARN [Worker-33] - ScalaProject - Project SparkDemo runs on platform default installation.
2019-02-03 16:53:51,574  WARN [Worker-35] - ScalaProject - Project SparkDemo has platform default sourceLevel.
2019-02-03 16:53:51,575  WARN [Worker-35] - ScalaProject - Project SparkDemo runs on platform default installation.
2019-02-03 17:02:17,614  WARN [Worker-42] - ScalaProject - Project SparkDemo has platform default sourceLevel.
2019-02-03 17:02:17,614  WARN [Worker-42] - ScalaProject - Project SparkDemo runs on platform default installation.
2019-02-03 17:02:25,879 ERROR [Worker-42] - System.err - SLF4J: Failed to load class "org.slf4j.impl.StaticLoggerBinder".
2019-02-03 17:02:25,880 ERROR [Worker-42] - System.err - SLF4J: Defaulting to no-operation (NOP) logger implementation
2019-02-03 17:02:25,880 ERROR [Worker-42] - System.err - SLF4J: See http://www.slf4j.org/codes.html#StaticLoggerBinder for further details.
2019-02-03 17:05:03,728  WARN [Worker-37] - ScalaProject - Project SparkDemo has platform default sourceLevel.
2019-02-03 17:05:03,729  WARN [Worker-37] - ScalaProject - Project SparkDemo runs on platform default installation.
2019-02-03 17:06:05,770  WARN [Worker-47] - ScalaProject - Project SparkDemo has platform default sourceLevel.
2019-02-03 17:06:05,803  WARN [Worker-47] - ScalaProject - Project SparkDemo runs on platform default installation.
2019-02-03 17:07:14,133  WARN [Worker-37] - ScalaProject - Project SparkDemo has platform default sourceLevel.
2019-02-03 17:07:14,133  WARN [Worker-37] - ScalaProject - Project SparkDemo runs on platform default installation.
2019-02-03 17:10:04,701  WARN [Worker-49] - ScalaProject - Project SparkDemo has platform default sourceLevel.
2019-02-03 17:10:04,701  WARN [Worker-49] - ScalaProject - Project SparkDemo runs on platform default installation.
2019-02-03 18:06:24,063  WARN [Worker-61] - ScalaProject - Project SparkDemo has platform default sourceLevel.
2019-02-03 18:06:24,077  WARN [Worker-61] - ScalaProject - Project SparkDemo runs on platform default installation.
2019-02-03 18:07:16,386  WARN [Worker-64] - ScalaProject - Project SparkDemo has platform default sourceLevel.
2019-02-03 18:07:16,386  WARN [Worker-64] - ScalaProject - Project SparkDemo runs on platform default installation.
2019-02-03 18:08:31,824  WARN [Worker-62] - ScalaProject - Project SparkDemo has platform default sourceLevel.
2019-02-03 18:08:31,844  WARN [Worker-62] - ScalaProject - Project SparkDemo runs on platform default installation.
2019-02-03 18:10:05,726  WARN [Worker-62] - ScalaProject - Project SparkDemo has platform default sourceLevel.
2019-02-03 18:10:05,740  WARN [Worker-62] - ScalaProject - Project SparkDemo runs on platform default installation.
2019-02-03 18:14:39,531  WARN [main] - ScalaProject - Project SparkDemo has platform default sourceLevel.
2019-02-03 18:14:39,541  WARN [main] - ScalaProject - Project SparkDemo runs on platform default installation.
2019-02-03 18:14:41,846  WARN [Worker-69] - ScalaProject - Project SparkDemo has platform default sourceLevel.
2019-02-03 18:14:41,847  WARN [Worker-69] - ScalaProject - Project SparkDemo runs on platform default installation.
2019-02-04 08:38:30,955  WARN [Worker-106] - ScalaProject - Project SparkDemo has platform default sourceLevel.
2019-02-04 08:38:30,992  WARN [Worker-106] - ScalaProject - Project SparkDemo runs on platform default installation.
2019-02-04 20:08:44,107  WARN [main] - ScalaProject - Project SparkDemo has platform default sourceLevel.
2019-02-04 20:08:44,121  WARN [main] - ScalaProject - Project SparkDemo runs on platform default installation.
2019-02-04 20:08:44,127  WARN [main] - ScalaProject - Project SparkDemo has platform default sourceLevel.
2019-02-04 20:08:44,127  WARN [main] - ScalaProject - Project SparkDemo runs on platform default installation.
2019-02-04 20:24:07,347 ERROR [Worker-13] - System.err - SLF4J: Failed to load class "org.slf4j.impl.StaticLoggerBinder".
2019-02-04 20:24:07,347 ERROR [Worker-13] - System.err - SLF4J: Defaulting to no-operation (NOP) logger implementation
2019-02-04 20:24:07,347 ERROR [Worker-13] - System.err - SLF4J: See http://www.slf4j.org/codes.html#StaticLoggerBinder for further details.
2019-02-04 20:26:54,104  WARN [ModalContext] - ScalaProject - Project SparkDemo has platform default sourceLevel.
2019-02-04 20:26:54,105  WARN [ModalContext] - ScalaProject - Project SparkDemo runs on platform default installation.
2019-02-04 20:26:54,135  WARN [ModalContext] - ScalaProject - Project SparkDemo has platform default sourceLevel.
2019-02-04 20:26:54,135  WARN [ModalContext] - ScalaProject - Project SparkDemo runs on platform default installation.
2019-02-04 20:26:58,258  WARN [Worker-18] - ScalaProject - Project SparkDemo has platform default sourceLevel.
2019-02-04 20:26:58,258  WARN [Worker-18] - ScalaProject - Project SparkDemo runs on platform default installation.
2019-02-04 21:05:48,212  WARN [Worker-23] - ScalaProject - Project SparkDemo has platform default sourceLevel.
2019-02-04 21:05:48,212  WARN [Worker-23] - ScalaProject - Project SparkDemo runs on platform default installation.
2019-02-04 21:06:12,061  WARN [Worker-29] - ScalaProject - Project SparkDemo has platform default sourceLevel.
2019-02-04 21:06:12,061  WARN [Worker-29] - ScalaProject - Project SparkDemo runs on platform default installation.
2019-02-04 21:11:34,271  WARN [main] - ScalaProject - Project   has platform default sourceLevel.
2019-02-04 21:11:34,271  WARN [main] - ScalaProject - Project   runs on platform default installation.
2019-02-04 21:11:34,682 ERROR [main] - org.scala-ide.sdt.core - org.scala-ide.sdt.core - org.scala-ide.sdt.core - 0 - scala.reflect.internal.MissingRequirementError: object scala in compiler mirror not found.
2019-02-04 21:11:34,937  WARN [org.scalaide.ui.internal.reconciliation.ScalaReconciler] - ScalaProject - Project   has platform default sourceLevel.
2019-02-04 21:11:34,937  WARN [org.scalaide.ui.internal.reconciliation.ScalaReconciler] - ScalaProject - Project   runs on platform default installation.
2019-02-04 21:11:34,970 ERROR [main] - org.scala-ide.sdt.core - org.scala-ide.sdt.core - org.scala-ide.sdt.core - 0 - scala.reflect.internal.MissingRequirementError: object scala in compiler mirror not found.
2019-02-04 21:11:35,971  WARN [org.scalaide.ui.internal.reconciliation.ScalaReconciler] - ScalaProject - Project   has platform default sourceLevel.
2019-02-04 21:11:35,972  WARN [org.scalaide.ui.internal.reconciliation.ScalaReconciler] - ScalaProject - Project   runs on platform default installation.
2019-02-04 21:11:36,005 ERROR [main] - org.scala-ide.sdt.core - org.scala-ide.sdt.core - org.scala-ide.sdt.core - 0 - scala.reflect.internal.MissingRequirementError: object scala in compiler mirror not found.
2019-02-04 21:11:46,736  WARN [Worker-32] - ScalaProject - Project SparkDemo has platform default sourceLevel.
2019-02-04 21:11:46,736  WARN [Worker-32] - ScalaProject - Project SparkDemo runs on platform default installation.
2019-02-04 21:12:02,017  WARN [Worker-30] - ScalaProject - Project SparkDemo has platform default sourceLevel.
2019-02-04 21:12:02,018  WARN [Worker-30] - ScalaProject - Project SparkDemo runs on platform default installation.
2019-02-04 21:13:10,976  WARN [org.scalaide.ui.internal.reconciliation.ScalaReconciler] - ScalaProject - Project   has platform default sourceLevel.
2019-02-04 21:13:10,977  WARN [org.scalaide.ui.internal.reconciliation.ScalaReconciler] - ScalaProject - Project   runs on platform default installation.
2019-02-04 21:13:11,009 ERROR [main] - org.scala-ide.sdt.core - org.scala-ide.sdt.core - org.scala-ide.sdt.core - 0 - scala.reflect.internal.MissingRequirementError: object scala in compiler mirror not found.
2019-02-04 21:13:32,408  WARN [Worker-33] - ScalaProject - Project SparkDemo has platform default sourceLevel.
2019-02-04 21:13:32,408  WARN [Worker-33] - ScalaProject - Project SparkDemo runs on platform default installation.
2019-02-04 21:13:50,229  WARN [Worker-35] - ScalaProject - Project SparkDemo has platform default sourceLevel.
2019-02-04 21:13:50,229  WARN [Worker-35] - ScalaProject - Project SparkDemo runs on platform default installation.
2019-02-04 21:16:08,598  WARN [org.scalaide.ui.internal.reconciliation.ScalaReconciler] - ScalaProject - Project   has platform default sourceLevel.
2019-02-04 21:16:08,599  WARN [org.scalaide.ui.internal.reconciliation.ScalaReconciler] - ScalaProject - Project   runs on platform default installation.
2019-02-04 21:16:08,973 ERROR [main] - org.scala-ide.sdt.core - org.scala-ide.sdt.core - org.scala-ide.sdt.core - 0 - scala.reflect.internal.MissingRequirementError: object scala in compiler mirror not found.
2019-02-05 23:22:50,534  WARN [main] - ScalaProject - Project SparkDemo has platform default sourceLevel.
2019-02-05 23:22:50,544  WARN [main] - ScalaProject - Project SparkDemo runs on platform default installation.
2019-02-05 23:22:50,550  WARN [main] - ScalaProject - Project SparkDemo has platform default sourceLevel.
2019-02-05 23:22:50,550  WARN [main] - ScalaProject - Project SparkDemo runs on platform default installation.
2019-02-05 23:22:58,321 ERROR [Text Viewer Hover Presenter] - IScalaPresentationCompiler$ - Ignoring InterruptException
2019-02-05 23:22:58,322 ERROR [Text Viewer Hover Presenter] - IScalaPresentationCompiler$ - Ignoring InterruptException
2019-02-05 23:22:58,324 ERROR [Text Viewer Hover Presenter] - IScalaPresentationCompiler$ - Ignoring InterruptException
2019-02-05 23:22:59,631  WARN [Worker-6] - ScalaProject - Project SparkDemo has platform default sourceLevel.
2019-02-05 23:22:59,632  WARN [Worker-6] - ScalaProject - Project SparkDemo runs on platform default installation.
2019-02-05 23:22:59,755  WARN [Worker-6] - ScalaProject - Project SparkDemo has platform default sourceLevel.
2019-02-05 23:22:59,755  WARN [Worker-6] - ScalaProject - Project SparkDemo runs on platform default installation.
2019-02-05 23:23:14,534 ERROR [Worker-1] - System.err - SLF4J: Failed to load class "org.slf4j.impl.StaticLoggerBinder".
2019-02-05 23:23:14,534 ERROR [Worker-1] - System.err - SLF4J: Defaulting to no-operation (NOP) logger implementation
2019-02-05 23:23:14,534 ERROR [Worker-1] - System.err - SLF4J: See http://www.slf4j.org/codes.html#StaticLoggerBinder for further details.
